Exception return from AArch64 EL2 to AArch64 EL1 PC 0x8004c
Taking exception 5 [IRQ] on CPU 0
...from EL1 to EL1
...with ESR 0x0/0x3800000
...with ELR 0x82e3c
...to EL1 PC 0x82280 PSTATE 0x3c5
Exception return from AArch64 EL1 to AArch64 EL1 PC 0x82e3c
Taking exception 5 [IRQ] on CPU 0
...from EL1 to EL1
...with ESR 0x0/0x3800000
...with ELR 0x82e3c
...to EL1 PC 0x82280 PSTATE 0x3c5
Exception return from AArch64 EL1 to AArch64 EL1 PC 0x82e3c
Taking exception 5 [IRQ] on CPU 0
...from EL1 to EL1
...with ESR 0x0/0x3800000
...with ELR 0x82e3c
...to EL1 PC 0x82280 PSTATE 0x3c5
Exception return from AArch64 EL1 to AArch64 EL1 PC 0x82e3c
Taking exception 5 [IRQ] on CPU 0
...from EL1 to EL1
...with ESR 0x0/0x3800000
...with ELR 0x82e3c
...to EL1 PC 0x82280 PSTATE 0x3c5
Exception return from AArch64 EL1 to AArch64 EL1 PC 0x82e3c
Taking exception 5 [IRQ] on CPU 0
...from EL1 to EL1
...with ESR 0x0/0x3800000
...with ELR 0x82e3c
...to EL1 PC 0x82280 PSTATE 0x3c5
Exception return from AArch64 EL1 to AArch64 EL1 PC 0x82e3c
Taking exception 5 [IRQ] on CPU 0
...from EL1 to EL1
...with ESR 0x0/0x3800000
...with ELR 0x82e3c
...to EL1 PC 0x82280 PSTATE 0x3c5
Exception return from AArch64 EL1 to AArch64 EL1 PC 0x82e3c
Taking exception 5 [IRQ] on CPU 0
...from EL1 to EL1
...with ESR 0x0/0x3800000
...with ELR 0x82e3c
...to EL1 PC 0x82280 PSTATE 0x3c5
Exception return from AArch64 EL1 to AArch64 EL1 PC 0x82e3c
Taking exception 5 [IRQ] on CPU 0
...from EL1 to EL1
...with ESR 0x0/0x3800000
...with ELR 0x82e3c
...to EL1 PC 0x82280 PSTATE 0x3c5
Exception return from AArch64 EL1 to AArch64 EL1 PC 0x82e3c
Taking exception 5 [IRQ] on CPU 0
...from EL1 to EL1
...with ESR 0x0/0x3800000
...with ELR 0x82e3c
...to EL1 PC 0x82280 PSTATE 0x3c5
Exception return from AArch64 EL1 to AArch64 EL1 PC 0x82e3c
